INFO - 2015-07-26T20:12:09+02:00 - test info log
INFO - 2015-07-26T20:12:42+02:00 - test info log
INFO - 2015-07-26T20:12:55+02:00 - test info log
INFO - 2015-07-26T20:13:09+02:00 - test info log
INFO - 2015-07-26T20:15:07+02:00 - test info log
INFO - 2015-07-26T20:19:10+02:00 - test info log
ERROR - 2015-07-26T20:19:10+02:00 - exception 'ErrorException' with message 'Undefined variable: log' in /var/www/webservice4recover/index.php:76
Stack trace:
#0 /var/www/webservice4recover/index.php(76): Slim\Slim::handleErrors(8, 'Undefined varia...', '/var/www/webser...', 76, Array)
#1 [internal function]: listExt4('muuh')
#2 /var/www/webservice4recover/vendor/slim/slim/Slim/Route.php(468): call_user_func_array('listExt4', Array)
#3 /var/www/webservice4recover/vendor/slim/slim/Slim/Slim.php(1357): Slim\Route->dispatch()
#4 /var/www/webservice4recover/vendor/slim/slim/Slim/Middleware/Flash.php(85): Slim\Slim->call()
#5 /var/www/webservice4recover/vendor/slim/slim/Slim/Middleware/MethodOverride.php(92): Slim\Middleware\Flash->call()
#6 /var/www/webservice4recover/vendor/slim/slim/Slim/Middleware/PrettyExceptions.php(67): Slim\Middleware\MethodOverride->call()
#7 /var/www/webservice4recover/vendor/slim/slim/Slim/Slim.php(1302): Slim\Middleware\PrettyExceptions->call()
#8 /var/www/webservice4recover/index.php(90): Slim\Slim->run()
#9 {main}
INFO - 2015-07-26T20:19:54+02:00 - test info log
ERROR - 2015-07-26T20:19:54+02:00 - exception 'ErrorException' with message 'Undefined variable: app' in /var/www/webservice4recover/index.php:76
Stack trace:
#0 /var/www/webservice4recover/index.php(76): Slim\Slim::handleErrors(8, 'Undefined varia...', '/var/www/webser...', 76, Array)
#1 [internal function]: listExt4('muuh')
#2 /var/www/webservice4recover/vendor/slim/slim/Slim/Route.php(468): call_user_func_array('listExt4', Array)
#3 /var/www/webservice4recover/vendor/slim/slim/Slim/Slim.php(1357): Slim\Route->dispatch()
#4 /var/www/webservice4recover/vendor/slim/slim/Slim/Middleware/Flash.php(85): Slim\Slim->call()
#5 /var/www/webservice4recover/vendor/slim/slim/Slim/Middleware/MethodOverride.php(92): Slim\Middleware\Flash->call()
#6 /var/www/webservice4recover/vendor/slim/slim/Slim/Middleware/PrettyExceptions.php(67): Slim\Middleware\MethodOverride->call()
#7 /var/www/webservice4recover/vendor/slim/slim/Slim/Slim.php(1302): Slim\Middleware\PrettyExceptions->call()
#8 /var/www/webservice4recover/index.php(91): Slim\Slim->run()
#9 {main}
INFO - 2015-07-26T20:21:18+02:00 - test info log
ERROR - 2015-07-26T20:21:18+02:00 - exception 'ErrorException' with message 'Undefined variable: app' in /var/www/webservice4recover/index.php:76
Stack trace:
#0 /var/www/webservice4recover/index.php(76): Slim\Slim::handleErrors(8, 'Undefined varia...', '/var/www/webser...', 76, Array)
#1 [internal function]: listExt4('muuh')
#2 /var/www/webservice4recover/vendor/slim/slim/Slim/Route.php(468): call_user_func_array('listExt4', Array)
#3 /var/www/webservice4recover/vendor/slim/slim/Slim/Slim.php(1357): Slim\Route->dispatch()
#4 /var/www/webservice4recover/vendor/slim/slim/Slim/Middleware/Flash.php(85): Slim\Slim->call()
#5 /var/www/webservice4recover/vendor/slim/slim/Slim/Middleware/MethodOverride.php(92): Slim\Middleware\Flash->call()
#6 /var/www/webservice4recover/vendor/slim/slim/Slim/Middleware/PrettyExceptions.php(67): Slim\Middleware\MethodOverride->call()
#7 /var/www/webservice4recover/vendor/slim/slim/Slim/Slim.php(1302): Slim\Middleware\PrettyExceptions->call()
#8 /var/www/webservice4recover/index.php(91): Slim\Slim->run()
#9 {main}
INFO - 2015-07-26T20:25:49+02:00 - test info log
INFO - 2015-07-26T20:25:58+02:00 - test info log
INFO - 2015-07-26T20:26:39+02:00 - test info log
INFO - 2015-07-26T20:32:38+02:00 - test info log
INFO - 2015-07-26T20:32:38+02:00 - muuh
INFO - 2015-07-26T20:32:45+02:00 - test info log
INFO - 2015-07-26T20:32:45+02:00 - muuh
INFO - 2015-07-26T20:32:47+02:00 - test info log
INFO - 2015-07-26T20:32:47+02:00 - muuh
INFO - 2015-07-26T20:33:23+02:00 - test info log
INFO - 2015-07-26T20:33:26+02:00 - test info log
INFO - 2015-07-26T20:36:23+02:00 - test info log
INFO - 2015-07-26T20:36:23+02:00 - muuuhuhu
